2016-10-24 18:55:21,468 [Worker-25] INFO  o.e.m.c.i.l.LifecycleMappingFactory - Using org.eclipse.m2e.jdt.JarLifecycleMapping lifecycle mapping for MavenProject: com.niit.shoppingcart:ShoppingCartBackEnd:1.0-SNAPSHOT @ E:\niit\workspace\niit-ecommerce-project\ShoppingCartBackEnd\pom.xml.
2016-10-24 18:55:22,475 [Worker-25] INFO  o.e.m.j.i.AbstractJavaProjectConfigurator - Adding source folder /ShoppingCartBackEnd/src/main/java
2016-10-24 18:55:22,476 [Worker-25] INFO  o.e.m.j.i.AbstractJavaProjectConfigurator - Adding source folder /ShoppingCartBackEnd/src/test/java
2016-10-24 18:55:22,629 [Worker-25] INFO  o.e.m.c.i.p.ProjectConfigurationManager - Imported and configured 1 project(s) in 4 sec
2016-10-24 18:55:23,150 [Worker-24] WARN  o.e.m.c.i.embedder.EclipseLogger - Using platform encoding (Cp1252 actually) to copy filtered resources, i.e. build is platform dependent!
2016-10-24 18:55:23,154 [Worker-24] INFO  o.e.m.c.i.embedder.EclipseLogger - skip non existing resourceDirectory E:\niit\workspace\niit-ecommerce-project\ShoppingCartBackEnd\src\main\resources
2016-10-24 18:55:23,159 [Worker-24] WARN  o.e.m.c.i.embedder.EclipseLogger - Using platform encoding (Cp1252 actually) to copy filtered resources, i.e. build is platform dependent!
2016-10-24 18:55:23,160 [Worker-24] INFO  o.e.m.c.i.embedder.EclipseLogger - skip non existing resourceDirectory E:\niit\workspace\niit-ecommerce-project\ShoppingCartBackEnd\src\test\resources
2016-10-24 18:56:16,307 [Worker-17] INFO  o.e.m.c.i.l.LifecycleMappingFactory - Using org.maven.ide.eclipse.wtp.WarLifecycleMapping lifecycle mapping for MavenProject: com.niit.shoppingcart:ShoppingCartFrontEnd:1.0-SNAPSHOT @ E:\niit\workspace\niit-ecommerce-project\ShoppingCartFrontEnd\pom.xml.
2016-10-24 18:56:17,198 [Worker-17] INFO  o.e.m.j.i.AbstractJavaProjectConfigurator - Adding source folder /ShoppingCartFrontEnd/src/main/java
2016-10-24 18:56:17,199 [Worker-17] INFO  o.e.m.j.i.AbstractJavaProjectConfigurator - Adding resource folder /ShoppingCartFrontEnd/src/main/resources
2016-10-24 18:56:17,199 [Worker-17] INFO  o.e.m.j.i.AbstractJavaProjectConfigurator - Adding source folder /ShoppingCartFrontEnd/src/test/java
2016-10-24 18:56:19,631 [Worker-17] INFO  o.e.m.c.i.p.ProjectConfigurationManager - Imported and configured 1 project(s) in 3 sec
2016-10-24 18:56:20,017 [Worker-17] WARN  o.e.m.c.i.embedder.EclipseLogger - Using platform encoding (Cp1252 actually) to copy filtered resources, i.e. build is platform dependent!
2016-10-24 18:56:20,025 [Worker-17] INFO  o.e.m.c.i.embedder.EclipseLogger - Copying 0 resource
2016-10-24 18:56:20,026 [Worker-17] WARN  o.e.m.c.i.embedder.EclipseLogger - Using platform encoding (Cp1252 actually) to copy filtered resources, i.e. build is platform dependent!
2016-10-24 18:56:20,027 [Worker-17] INFO  o.e.m.c.i.embedder.EclipseLogger - skip non existing resourceDirectory E:\niit\workspace\niit-ecommerce-project\ShoppingCartFrontEnd\src\test\resources
2016-10-24 18:56:57,614 [Worker-25] INFO  o.e.m.i.launch.MavenLaunchDelegate - E:\niit\workspace\niit-ecommerce-project\ShoppingCartFrontEnd
2016-10-24 18:56:57,616 [Worker-25] INFO  o.e.m.i.launch.MavenLaunchDelegate -  mvn -B install
2016-10-24 18:57:03,569 [Worker-25] WARN  o.e.m.c.i.embedder.EclipseLogger - Using platform encoding (Cp1252 actually) to copy filtered resources, i.e. build is platform dependent!
2016-10-24 18:57:03,571 [Worker-25] INFO  o.e.m.c.i.embedder.EclipseLogger - Copying 0 resource
2016-10-24 18:57:03,573 [Worker-25] WARN  o.e.m.c.i.embedder.EclipseLogger - Using platform encoding (Cp1252 actually) to copy filtered resources, i.e. build is platform dependent!
2016-10-24 18:57:03,574 [Worker-25] INFO  o.e.m.c.i.embedder.EclipseLogger - skip non existing resourceDirectory E:\niit\workspace\niit-ecommerce-project\ShoppingCartFrontEnd\src\test\resources
2016-10-24 18:59:09,867 [Worker-28] INFO  o.e.m.c.i.l.LifecycleMappingFactory - Using org.maven.ide.eclipse.wtp.WarLifecycleMapping lifecycle mapping for MavenProject: com.niit.shoppingcart:ShoppingCartFrontEnd:1.0-SNAPSHOT @ E:\niit\workspace\niit-ecommerce-project\ShoppingCartFrontEnd\pom.xml.
2016-10-24 18:59:10,793 [Worker-28] WARN  o.e.m.c.i.embedder.EclipseLogger - Using platform encoding (Cp1252 actually) to copy filtered resources, i.e. build is platform dependent!
2016-10-24 18:59:10,794 [Worker-28] INFO  o.e.m.c.i.embedder.EclipseLogger - Copying 0 resource
2016-10-24 18:59:10,796 [Worker-28] WARN  o.e.m.c.i.embedder.EclipseLogger - Using platform encoding (Cp1252 actually) to copy filtered resources, i.e. build is platform dependent!
2016-10-24 18:59:10,797 [Worker-28] INFO  o.e.m.c.i.embedder.EclipseLogger - skip non existing resourceDirectory E:\niit\workspace\niit-ecommerce-project\ShoppingCartFrontEnd\src\test\resources
2016-10-24 18:59:10,797 [Worker-28] INFO  o.e.m.w.i.f.ResourceFilteringBuildParticipant - Changed resources require a complete clean of filtered resources of ShoppingCartFrontEnd
2016-10-24 18:59:10,799 [Worker-28] INFO  o.e.m.w.i.f.ResourceFilteringBuildParticipant - Executing resource filtering for ShoppingCartFrontEnd
2016-10-24 18:59:10,806 [Worker-28] WARN  o.e.m.c.i.embedder.EclipseLogger - Using platform encoding (Cp1252 actually) to copy filtered resources, i.e. build is platform dependent!
2016-10-24 18:59:12,030 [Worker-25] WARN  o.e.m.c.i.embedder.EclipseLogger - Using platform encoding (Cp1252 actually) to copy filtered resources, i.e. build is platform dependent!
2016-10-24 18:59:12,031 [Worker-25] INFO  o.e.m.c.i.embedder.EclipseLogger - Copying 0 resource
2016-10-24 18:59:12,033 [Worker-25] WARN  o.e.m.c.i.embedder.EclipseLogger - Using platform encoding (Cp1252 actually) to copy filtered resources, i.e. build is platform dependent!
2016-10-24 18:59:12,033 [Worker-25] INFO  o.e.m.c.i.embedder.EclipseLogger - skip non existing resourceDirectory E:\niit\workspace\niit-ecommerce-project\ShoppingCartFrontEnd\src\test\resources
2016-10-24 19:02:27,777 [Worker-35] WARN  o.e.m.c.i.embedder.EclipseLogger - Using platform encoding (Cp1252 actually) to copy filtered resources, i.e. build is platform dependent!
2016-10-24 19:02:27,778 [Worker-35] INFO  o.e.m.c.i.embedder.EclipseLogger - Copying 0 resource
2016-10-24 19:02:27,782 [Worker-35] WARN  o.e.m.c.i.embedder.EclipseLogger - Using platform encoding (Cp1252 actually) to copy filtered resources, i.e. build is platform dependent!
2016-10-24 19:02:27,782 [Worker-35] INFO  o.e.m.c.i.embedder.EclipseLogger - skip non existing resourceDirectory E:\niit\workspace\niit-ecommerce-project\ShoppingCartFrontEnd\src\test\resources
2016-10-24 19:02:30,147 [Worker-39] WARN  o.e.m.c.i.embedder.EclipseLogger - Using platform encoding (Cp1252 actually) to copy filtered resources, i.e. build is platform dependent!
2016-10-24 19:02:30,148 [Worker-39] INFO  o.e.m.c.i.embedder.EclipseLogger - Copying 0 resource
2016-10-24 19:02:30,152 [Worker-39] WARN  o.e.m.c.i.embedder.EclipseLogger - Using platform encoding (Cp1252 actually) to copy filtered resources, i.e. build is platform dependent!
2016-10-24 19:02:30,153 [Worker-39] INFO  o.e.m.c.i.embedder.EclipseLogger - skip non existing resourceDirectory E:\niit\workspace\niit-ecommerce-project\ShoppingCartFrontEnd\src\test\resources
2016-10-24 19:02:44,845 [Worker-34] WARN  o.e.m.c.i.embedder.EclipseLogger - Using platform encoding (Cp1252 actually) to copy filtered resources, i.e. build is platform dependent!
2016-10-24 19:02:44,847 [Worker-34] INFO  o.e.m.c.i.embedder.EclipseLogger - Copying 0 resource
2016-10-24 19:02:44,850 [Worker-34] WARN  o.e.m.c.i.embedder.EclipseLogger - Using platform encoding (Cp1252 actually) to copy filtered resources, i.e. build is platform dependent!
2016-10-24 19:02:44,850 [Worker-34] INFO  o.e.m.c.i.embedder.EclipseLogger - skip non existing resourceDirectory E:\niit\workspace\niit-ecommerce-project\ShoppingCartFrontEnd\src\test\resources
2016-10-24 19:02:50,835 [Worker-36] WARN  o.e.m.c.i.embedder.EclipseLogger - Using platform encoding (Cp1252 actually) to copy filtered resources, i.e. build is platform dependent!
2016-10-24 19:02:50,837 [Worker-36] INFO  o.e.m.c.i.embedder.EclipseLogger - Copying 0 resource
2016-10-24 19:02:50,840 [Worker-36] WARN  o.e.m.c.i.embedder.EclipseLogger - Using platform encoding (Cp1252 actually) to copy filtered resources, i.e. build is platform dependent!
2016-10-24 19:02:50,841 [Worker-36] INFO  o.e.m.c.i.embedder.EclipseLogger - skip non existing resourceDirectory E:\niit\workspace\niit-ecommerce-project\ShoppingCartFrontEnd\src\test\resources
2016-10-24 19:03:32,696 [Worker-20] WARN  o.e.m.c.i.embedder.EclipseLogger - Using platform encoding (Cp1252 actually) to copy filtered resources, i.e. build is platform dependent!
2016-10-24 19:03:32,697 [Worker-20] INFO  o.e.m.c.i.embedder.EclipseLogger - Copying 0 resource
2016-10-24 19:03:32,699 [Worker-20] WARN  o.e.m.c.i.embedder.EclipseLogger - Using platform encoding (Cp1252 actually) to copy filtered resources, i.e. build is platform dependent!
2016-10-24 19:03:32,700 [Worker-20] INFO  o.e.m.c.i.embedder.EclipseLogger - skip non existing resourceDirectory E:\niit\workspace\niit-ecommerce-project\ShoppingCartFrontEnd\src\test\resources
2016-10-24 19:04:14,261 [Worker-44] WARN  o.e.m.c.i.embedder.EclipseLogger - Using platform encoding (Cp1252 actually) to copy filtered resources, i.e. build is platform dependent!
2016-10-24 19:04:14,262 [Worker-44] INFO  o.e.m.c.i.embedder.EclipseLogger - Copying 0 resource
2016-10-24 19:04:14,265 [Worker-44] WARN  o.e.m.c.i.embedder.EclipseLogger - Using platform encoding (Cp1252 actually) to copy filtered resources, i.e. build is platform dependent!
2016-10-24 19:04:14,267 [Worker-44] INFO  o.e.m.c.i.embedder.EclipseLogger - skip non existing resourceDirectory E:\niit\workspace\niit-ecommerce-project\ShoppingCartFrontEnd\src\test\resources
2016-10-24 19:10:08,410 [Worker-46] INFO  o.e.m.c.i.p.ProjectConfigurationManager - Update started
2016-10-24 19:10:08,526 [Worker-46] INFO  o.e.m.c.i.l.LifecycleMappingFactory - Using org.maven.ide.eclipse.wtp.WarLifecycleMapping lifecycle mapping for MavenProject: com.niit.shoppingcart:ShoppingCartFrontEnd:1.0-SNAPSHOT @ E:\niit\workspace\niit-ecommerce-project\ShoppingCartFrontEnd\pom.xml.
2016-10-24 19:10:09,157 [Worker-46] INFO  o.e.m.j.i.AbstractJavaProjectConfigurator - Adding source folder /ShoppingCartFrontEnd/src/main/java
2016-10-24 19:10:09,157 [Worker-46] INFO  o.e.m.j.i.AbstractJavaProjectConfigurator - Adding resource folder /ShoppingCartFrontEnd/src/main/resources
2016-10-24 19:10:09,158 [Worker-46] INFO  o.e.m.j.i.AbstractJavaProjectConfigurator - Adding source folder /ShoppingCartFrontEnd/src/test/java
2016-10-24 19:10:10,844 [Worker-46] INFO  o.e.m.w.i.f.ResourceFilteringBuildParticipant - Cleaning filtered folder for ShoppingCartFrontEnd
2016-10-24 19:10:10,879 [Worker-46] INFO  o.e.m.c.i.p.ProjectConfigurationManager - Update completed: 2 sec
2016-10-24 19:10:11,172 [Worker-46] WARN  o.e.m.c.i.embedder.EclipseLogger - Using platform encoding (Cp1252 actually) to copy filtered resources, i.e. build is platform dependent!
2016-10-24 19:10:11,173 [Worker-46] INFO  o.e.m.c.i.embedder.EclipseLogger - Copying 0 resource
2016-10-24 19:10:11,175 [Worker-46] WARN  o.e.m.c.i.embedder.EclipseLogger - Using platform encoding (Cp1252 actually) to copy filtered resources, i.e. build is platform dependent!
2016-10-24 19:10:11,175 [Worker-46] INFO  o.e.m.c.i.embedder.EclipseLogger - skip non existing resourceDirectory E:\niit\workspace\niit-ecommerce-project\ShoppingCartFrontEnd\src\test\resources
2016-10-24 19:10:11,176 [Worker-46] INFO  o.e.m.w.i.f.ResourceFilteringBuildParticipant - Changed resources require a complete clean of filtered resources of ShoppingCartFrontEnd
2016-10-24 19:10:11,176 [Worker-46] INFO  o.e.m.w.i.f.ResourceFilteringBuildParticipant - Executing resource filtering for ShoppingCartFrontEnd
2016-10-24 19:10:11,180 [Worker-46] WARN  o.e.m.c.i.embedder.EclipseLogger - Using platform encoding (Cp1252 actually) to copy filtered resources, i.e. build is platform dependent!
2016-10-24 19:12:51,263 [Worker-50] INFO  o.e.m.c.i.p.ProjectConfigurationManager - Update started
2016-10-24 19:12:51,323 [Worker-50] INFO  o.e.m.c.i.l.LifecycleMappingFactory - Using org.maven.ide.eclipse.wtp.WarLifecycleMapping lifecycle mapping for MavenProject: com.niit.shoppingcart:ShoppingCartFrontEnd:1.0-SNAPSHOT @ E:\niit\workspace\niit-ecommerce-project\ShoppingCartFrontEnd\pom.xml.
2016-10-24 19:12:51,838 [Worker-50] INFO  o.e.m.j.i.AbstractJavaProjectConfigurator - Adding source folder /ShoppingCartFrontEnd/src/main/java
2016-10-24 19:12:51,838 [Worker-50] INFO  o.e.m.j.i.AbstractJavaProjectConfigurator - Adding resource folder /ShoppingCartFrontEnd/src/main/resources
2016-10-24 19:12:51,839 [Worker-50] INFO  o.e.m.j.i.AbstractJavaProjectConfigurator - Adding source folder /ShoppingCartFrontEnd/src/test/java
2016-10-24 19:12:52,915 [Worker-50] INFO  o.e.m.w.i.f.ResourceFilteringBuildParticipant - Cleaning filtered folder for ShoppingCartFrontEnd
2016-10-24 19:12:52,920 [Worker-50] INFO  o.e.m.c.i.p.ProjectConfigurationManager - Update completed: 1 sec
2016-10-24 19:12:53,100 [Worker-36] WARN  o.e.m.c.i.embedder.EclipseLogger - Using platform encoding (Cp1252 actually) to copy filtered resources, i.e. build is platform dependent!
2016-10-24 19:12:53,101 [Worker-36] INFO  o.e.m.c.i.embedder.EclipseLogger - Copying 0 resource
2016-10-24 19:12:53,103 [Worker-36] WARN  o.e.m.c.i.embedder.EclipseLogger - Using platform encoding (Cp1252 actually) to copy filtered resources, i.e. build is platform dependent!
2016-10-24 19:12:53,104 [Worker-36] INFO  o.e.m.c.i.embedder.EclipseLogger - skip non existing resourceDirectory E:\niit\workspace\niit-ecommerce-project\ShoppingCartFrontEnd\src\test\resources
2016-10-24 19:12:53,104 [Worker-36] INFO  o.e.m.w.i.f.ResourceFilteringBuildParticipant - Changed resources require a complete clean of filtered resources of ShoppingCartFrontEnd
2016-10-24 19:12:53,104 [Worker-36] INFO  o.e.m.w.i.f.ResourceFilteringBuildParticipant - Executing resource filtering for ShoppingCartFrontEnd
2016-10-24 19:12:53,110 [Worker-36] WARN  o.e.m.c.i.embedder.EclipseLogger - Using platform encoding (Cp1252 actually) to copy filtered resources, i.e. build is platform dependent!
2016-10-24 19:18:17,772 [Worker-55] WARN  o.e.m.c.i.embedder.EclipseLogger - Using platform encoding (Cp1252 actually) to copy filtered resources, i.e. build is platform dependent!
2016-10-24 19:18:17,777 [Worker-55] INFO  o.e.m.c.i.embedder.EclipseLogger - Copying 0 resource
2016-10-24 19:18:17,780 [Worker-55] WARN  o.e.m.c.i.embedder.EclipseLogger - Using platform encoding (Cp1252 actually) to copy filtered resources, i.e. build is platform dependent!
2016-10-24 19:18:17,781 [Worker-55] INFO  o.e.m.c.i.embedder.EclipseLogger - skip non existing resourceDirectory E:\niit\workspace\niit-ecommerce-project\ShoppingCartFrontEnd\src\test\resources
2016-10-24 19:18:46,486 [Worker-55] WARN  o.e.m.c.i.embedder.EclipseLogger - Using platform encoding (Cp1252 actually) to copy filtered resources, i.e. build is platform dependent!
2016-10-24 19:18:46,487 [Worker-55] INFO  o.e.m.c.i.embedder.EclipseLogger - Copying 0 resource
2016-10-24 19:18:46,488 [Worker-55] WARN  o.e.m.c.i.embedder.EclipseLogger - Using platform encoding (Cp1252 actually) to copy filtered resources, i.e. build is platform dependent!
2016-10-24 19:18:46,490 [Worker-55] INFO  o.e.m.c.i.embedder.EclipseLogger - skip non existing resourceDirectory E:\niit\workspace\niit-ecommerce-project\ShoppingCartFrontEnd\src\test\resources
2016-10-24 19:19:39,520 [Worker-56] WARN  o.e.m.c.i.embedder.EclipseLogger - Using platform encoding (Cp1252 actually) to copy filtered resources, i.e. build is platform dependent!
2016-10-24 19:19:39,522 [Worker-56] INFO  o.e.m.c.i.embedder.EclipseLogger - Copying 0 resource
2016-10-24 19:19:39,525 [Worker-56] WARN  o.e.m.c.i.embedder.EclipseLogger - Using platform encoding (Cp1252 actually) to copy filtered resources, i.e. build is platform dependent!
2016-10-24 19:19:39,527 [Worker-56] INFO  o.e.m.c.i.embedder.EclipseLogger - skip non existing resourceDirectory E:\niit\workspace\niit-ecommerce-project\ShoppingCartFrontEnd\src\test\resources
2016-10-24 19:19:52,861 [Worker-56] WARN  o.e.m.c.i.embedder.EclipseLogger - Using platform encoding (Cp1252 actually) to copy filtered resources, i.e. build is platform dependent!
2016-10-24 19:19:52,863 [Worker-56] INFO  o.e.m.c.i.embedder.EclipseLogger - Copying 0 resource
2016-10-24 19:19:52,866 [Worker-56] WARN  o.e.m.c.i.embedder.EclipseLogger - Using platform encoding (Cp1252 actually) to copy filtered resources, i.e. build is platform dependent!
2016-10-24 19:19:52,867 [Worker-56] INFO  o.e.m.c.i.embedder.EclipseLogger - skip non existing resourceDirectory E:\niit\workspace\niit-ecommerce-project\ShoppingCartFrontEnd\src\test\resources
2016-10-24 19:20:07,014 [Worker-58] WARN  o.e.m.c.i.embedder.EclipseLogger - Using platform encoding (Cp1252 actually) to copy filtered resources, i.e. build is platform dependent!
2016-10-24 19:20:07,015 [Worker-58] INFO  o.e.m.c.i.embedder.EclipseLogger - Copying 0 resource
2016-10-24 19:20:07,017 [Worker-58] WARN  o.e.m.c.i.embedder.EclipseLogger - Using platform encoding (Cp1252 actually) to copy filtered resources, i.e. build is platform dependent!
2016-10-24 19:20:07,018 [Worker-58] INFO  o.e.m.c.i.embedder.EclipseLogger - skip non existing resourceDirectory E:\niit\workspace\niit-ecommerce-project\ShoppingCartFrontEnd\src\test\resources
2016-10-24 19:20:28,731 [Worker-62] WARN  o.e.m.c.i.embedder.EclipseLogger - Using platform encoding (Cp1252 actually) to copy filtered resources, i.e. build is platform dependent!
2016-10-24 19:20:28,734 [Worker-62] INFO  o.e.m.c.i.embedder.EclipseLogger - Copying 0 resource
2016-10-24 19:20:28,738 [Worker-62] WARN  o.e.m.c.i.embedder.EclipseLogger - Using platform encoding (Cp1252 actually) to copy filtered resources, i.e. build is platform dependent!
2016-10-24 19:20:28,739 [Worker-62] INFO  o.e.m.c.i.embedder.EclipseLogger - skip non existing resourceDirectory E:\niit\workspace\niit-ecommerce-project\ShoppingCartFrontEnd\src\test\resources
2016-10-24 19:20:42,378 [Worker-59] WARN  o.e.m.c.i.embedder.EclipseLogger - Using platform encoding (Cp1252 actually) to copy filtered resources, i.e. build is platform dependent!
2016-10-24 19:20:42,379 [Worker-59] INFO  o.e.m.c.i.embedder.EclipseLogger - Copying 0 resource
2016-10-24 19:20:42,380 [Worker-59] WARN  o.e.m.c.i.embedder.EclipseLogger - Using platform encoding (Cp1252 actually) to copy filtered resources, i.e. build is platform dependent!
2016-10-24 19:20:42,381 [Worker-59] INFO  o.e.m.c.i.embedder.EclipseLogger - skip non existing resourceDirectory E:\niit\workspace\niit-ecommerce-project\ShoppingCartFrontEnd\src\test\resources
2016-10-24 19:20:51,683 [Worker-55] WARN  o.e.m.c.i.embedder.EclipseLogger - Using platform encoding (Cp1252 actually) to copy filtered resources, i.e. build is platform dependent!
2016-10-24 19:20:51,685 [Worker-55] INFO  o.e.m.c.i.embedder.EclipseLogger - Copying 0 resource
2016-10-24 19:20:51,686 [Worker-55] WARN  o.e.m.c.i.embedder.EclipseLogger - Using platform encoding (Cp1252 actually) to copy filtered resources, i.e. build is platform dependent!
2016-10-24 19:20:51,688 [Worker-55] INFO  o.e.m.c.i.embedder.EclipseLogger - skip non existing resourceDirectory E:\niit\workspace\niit-ecommerce-project\ShoppingCartFrontEnd\src\test\resources
2016-10-24 19:20:54,322 [Worker-61] WARN  o.e.m.c.i.embedder.EclipseLogger - Using platform encoding (Cp1252 actually) to copy filtered resources, i.e. build is platform dependent!
2016-10-24 19:20:54,324 [Worker-61] INFO  o.e.m.c.i.embedder.EclipseLogger - Copying 0 resource
2016-10-24 19:20:54,329 [Worker-61] WARN  o.e.m.c.i.embedder.EclipseLogger - Using platform encoding (Cp1252 actually) to copy filtered resources, i.e. build is platform dependent!
2016-10-24 19:20:54,329 [Worker-61] INFO  o.e.m.c.i.embedder.EclipseLogger - skip non existing resourceDirectory E:\niit\workspace\niit-ecommerce-project\ShoppingCartFrontEnd\src\test\resources
2016-10-24 19:22:16,143 [Worker-59] INFO  o.e.m.c.i.l.LifecycleMappingFactory - Using org.maven.ide.eclipse.wtp.WarLifecycleMapping lifecycle mapping for MavenProject: com.niit.shoppingcart:ShoppingCartFrontEnd:1.0-SNAPSHOT @ E:\niit\workspace\niit-ecommerce-project\ShoppingCartFrontEnd\pom.xml.
2016-10-24 19:22:17,919 [Worker-59] INFO  o.e.m.c.i.e.AbstractTransferListenerAdapter - Downloading https://repo.maven.apache.org/maven2/org/springframework/spring-core/4.2.8.RELEASE/spring-core-4.2.8.RELEASE.jar
2016-10-24 19:22:26,269 [Worker-59] INFO  o.e.m.c.i.e.AbstractTransferListenerAdapter - Downloaded https://repo.maven.apache.org/maven2/org/springframework/spring-core/4.2.8.RELEASE/spring-core-4.2.8.RELEASE.jar
2016-10-24 19:22:26,951 [Worker-59] WARN  o.e.m.c.i.embedder.EclipseLogger - Using platform encoding (Cp1252 actually) to copy filtered resources, i.e. build is platform dependent!
2016-10-24 19:22:26,952 [Worker-59] INFO  o.e.m.c.i.embedder.EclipseLogger - Copying 0 resource
2016-10-24 19:22:26,953 [Worker-59] WARN  o.e.m.c.i.embedder.EclipseLogger - Using platform encoding (Cp1252 actually) to copy filtered resources, i.e. build is platform dependent!
2016-10-24 19:22:26,954 [Worker-59] INFO  o.e.m.c.i.embedder.EclipseLogger - skip non existing resourceDirectory E:\niit\workspace\niit-ecommerce-project\ShoppingCartFrontEnd\src\test\resources
2016-10-24 19:22:26,955 [Worker-59] INFO  o.e.m.w.i.f.ResourceFilteringBuildParticipant - Changed resources require a complete clean of filtered resources of ShoppingCartFrontEnd
2016-10-24 19:22:26,955 [Worker-59] INFO  o.e.m.w.i.f.ResourceFilteringBuildParticipant - Executing resource filtering for ShoppingCartFrontEnd
2016-10-24 19:22:26,959 [Worker-59] WARN  o.e.m.c.i.embedder.EclipseLogger - Using platform encoding (Cp1252 actually) to copy filtered resources, i.e. build is platform dependent!
2016-10-24 19:22:28,350 [Worker-58] WARN  o.e.m.c.i.embedder.EclipseLogger - Using platform encoding (Cp1252 actually) to copy filtered resources, i.e. build is platform dependent!
2016-10-24 19:22:28,351 [Worker-58] INFO  o.e.m.c.i.embedder.EclipseLogger - Copying 0 resource
2016-10-24 19:22:28,353 [Worker-58] WARN  o.e.m.c.i.embedder.EclipseLogger - Using platform encoding (Cp1252 actually) to copy filtered resources, i.e. build is platform dependent!
2016-10-24 19:22:28,354 [Worker-58] INFO  o.e.m.c.i.embedder.EclipseLogger - skip non existing resourceDirectory E:\niit\workspace\niit-ecommerce-project\ShoppingCartFrontEnd\src\test\resources
2016-10-24 19:23:02,223 [Worker-60] INFO  o.e.m.c.i.l.LifecycleMappingFactory - Using org.maven.ide.eclipse.wtp.WarLifecycleMapping lifecycle mapping for MavenProject: com.niit.shoppingcart:ShoppingCartFrontEnd:1.0-SNAPSHOT @ E:\niit\workspace\niit-ecommerce-project\ShoppingCartFrontEnd\pom.xml.
2016-10-24 19:23:02,809 [Worker-60] WARN  o.e.m.c.i.embedder.EclipseLogger - Using platform encoding (Cp1252 actually) to copy filtered resources, i.e. build is platform dependent!
2016-10-24 19:23:02,810 [Worker-60] INFO  o.e.m.c.i.embedder.EclipseLogger - Copying 0 resource
2016-10-24 19:23:02,812 [Worker-60] WARN  o.e.m.c.i.embedder.EclipseLogger - Using platform encoding (Cp1252 actually) to copy filtered resources, i.e. build is platform dependent!
2016-10-24 19:23:02,841 [Worker-60] INFO  o.e.m.c.i.embedder.EclipseLogger - skip non existing resourceDirectory E:\niit\workspace\niit-ecommerce-project\ShoppingCartFrontEnd\src\test\resources
2016-10-24 19:23:02,842 [Worker-60] INFO  o.e.m.w.i.f.ResourceFilteringBuildParticipant - Changed resources require a complete clean of filtered resources of ShoppingCartFrontEnd
2016-10-24 19:23:02,842 [Worker-60] INFO  o.e.m.w.i.f.ResourceFilteringBuildParticipant - Executing resource filtering for ShoppingCartFrontEnd
2016-10-24 19:23:02,848 [Worker-60] WARN  o.e.m.c.i.embedder.EclipseLogger - Using platform encoding (Cp1252 actually) to copy filtered resources, i.e. build is platform dependent!
2016-10-24 19:23:04,203 [Worker-61] WARN  o.e.m.c.i.embedder.EclipseLogger - Using platform encoding (Cp1252 actually) to copy filtered resources, i.e. build is platform dependent!
2016-10-24 19:23:04,205 [Worker-61] INFO  o.e.m.c.i.embedder.EclipseLogger - Copying 0 resource
2016-10-24 19:23:04,206 [Worker-61] WARN  o.e.m.c.i.embedder.EclipseLogger - Using platform encoding (Cp1252 actually) to copy filtered resources, i.e. build is platform dependent!
2016-10-24 19:23:04,207 [Worker-61] INFO  o.e.m.c.i.embedder.EclipseLogger - skip non existing resourceDirectory E:\niit\workspace\niit-ecommerce-project\ShoppingCartFrontEnd\src\test\resources
2016-10-24 19:23:18,995 [Worker-60] INFO  o.e.m.i.launch.MavenLaunchDelegate - E:\niit\workspace\niit-ecommerce-project\ShoppingCartFrontEnd
2016-10-24 19:23:18,995 [Worker-60] INFO  o.e.m.i.launch.MavenLaunchDelegate -  mvn -B install
2016-10-24 19:23:24,385 [Worker-61] WARN  o.e.m.c.i.embedder.EclipseLogger - Using platform encoding (Cp1252 actually) to copy filtered resources, i.e. build is platform dependent!
2016-10-24 19:23:24,386 [Worker-61] INFO  o.e.m.c.i.embedder.EclipseLogger - Copying 0 resource
2016-10-24 19:23:24,388 [Worker-61] WARN  o.e.m.c.i.embedder.EclipseLogger - Using platform encoding (Cp1252 actually) to copy filtered resources, i.e. build is platform dependent!
2016-10-24 19:23:24,389 [Worker-61] INFO  o.e.m.c.i.embedder.EclipseLogger - skip non existing resourceDirectory E:\niit\workspace\niit-ecommerce-project\ShoppingCartFrontEnd\src\test\resources
2016-10-24 19:23:52,952 [Worker-61] INFO  o.e.m.i.launch.MavenLaunchDelegate - E:\niit\workspace\niit-ecommerce-project\ShoppingCartFrontEnd
2016-10-24 19:23:52,953 [Worker-61] INFO  o.e.m.i.launch.MavenLaunchDelegate -  mvn -B install
2016-10-24 19:23:57,805 [Worker-63] WARN  o.e.m.c.i.embedder.EclipseLogger - Using platform encoding (Cp1252 actually) to copy filtered resources, i.e. build is platform dependent!
2016-10-24 19:23:57,806 [Worker-63] INFO  o.e.m.c.i.embedder.EclipseLogger - Copying 0 resource
2016-10-24 19:23:57,807 [Worker-63] WARN  o.e.m.c.i.embedder.EclipseLogger - Using platform encoding (Cp1252 actually) to copy filtered resources, i.e. build is platform dependent!
2016-10-24 19:23:57,808 [Worker-63] INFO  o.e.m.c.i.embedder.EclipseLogger - skip non existing resourceDirectory E:\niit\workspace\niit-ecommerce-project\ShoppingCartFrontEnd\src\test\resources
2016-10-24 19:30:43,105 [Worker-65] INFO  o.e.m.c.i.l.LifecycleMappingFactory - Using org.maven.ide.eclipse.wtp.WarLifecycleMapping lifecycle mapping for MavenProject: com.niit.shoppingcart:ShoppingCartFrontEnd:1.0-SNAPSHOT @ E:\niit\workspace\niit-ecommerce-project\ShoppingCartFrontEnd\pom.xml.
2016-10-24 19:30:43,870 [Worker-65] WARN  o.e.m.c.i.embedder.EclipseLogger - Using platform encoding (Cp1252 actually) to copy filtered resources, i.e. build is platform dependent!
2016-10-24 19:30:43,870 [Worker-65] INFO  o.e.m.c.i.embedder.EclipseLogger - Copying 0 resource
2016-10-24 19:30:43,872 [Worker-65] WARN  o.e.m.c.i.embedder.EclipseLogger - Using platform encoding (Cp1252 actually) to copy filtered resources, i.e. build is platform dependent!
2016-10-24 19:30:43,872 [Worker-65] INFO  o.e.m.c.i.embedder.EclipseLogger - skip non existing resourceDirectory E:\niit\workspace\niit-ecommerce-project\ShoppingCartFrontEnd\src\test\resources
2016-10-24 19:30:43,872 [Worker-65] INFO  o.e.m.w.i.f.ResourceFilteringBuildParticipant - Changed resources require a complete clean of filtered resources of ShoppingCartFrontEnd
2016-10-24 19:30:43,873 [Worker-65] INFO  o.e.m.w.i.f.ResourceFilteringBuildParticipant - Executing resource filtering for ShoppingCartFrontEnd
2016-10-24 19:30:43,877 [Worker-65] WARN  o.e.m.c.i.embedder.EclipseLogger - Using platform encoding (Cp1252 actually) to copy filtered resources, i.e. build is platform dependent!
2016-10-24 19:30:45,122 [Worker-68] INFO  o.e.m.c.i.l.LifecycleMappingFactory - Using org.maven.ide.eclipse.wtp.WarLifecycleMapping lifecycle mapping for MavenProject: com.niit.shoppingcart:ShoppingCartFrontEnd:1.0-SNAPSHOT @ E:\niit\workspace\niit-ecommerce-project\ShoppingCartFrontEnd\pom.xml.
2016-10-24 19:30:45,845 [Worker-68] WARN  o.e.m.c.i.embedder.EclipseLogger - Using platform encoding (Cp1252 actually) to copy filtered resources, i.e. build is platform dependent!
2016-10-24 19:30:45,846 [Worker-68] INFO  o.e.m.c.i.embedder.EclipseLogger - Copying 0 resource
2016-10-24 19:30:45,847 [Worker-68] WARN  o.e.m.c.i.embedder.EclipseLogger - Using platform encoding (Cp1252 actually) to copy filtered resources, i.e. build is platform dependent!
2016-10-24 19:30:45,848 [Worker-68] INFO  o.e.m.c.i.embedder.EclipseLogger - skip non existing resourceDirectory E:\niit\workspace\niit-ecommerce-project\ShoppingCartFrontEnd\src\test\resources
2016-10-24 19:30:45,848 [Worker-68] INFO  o.e.m.w.i.f.ResourceFilteringBuildParticipant - Changed resources require a complete clean of filtered resources of ShoppingCartFrontEnd
2016-10-24 19:30:45,848 [Worker-68] INFO  o.e.m.w.i.f.ResourceFilteringBuildParticipant - Executing resource filtering for ShoppingCartFrontEnd
2016-10-24 19:30:45,851 [Worker-68] WARN  o.e.m.c.i.embedder.EclipseLogger - Using platform encoding (Cp1252 actually) to copy filtered resources, i.e. build is platform dependent!
2016-10-24 19:30:55,018 [Worker-69] INFO  o.e.m.i.launch.MavenLaunchDelegate - E:\niit\workspace\niit-ecommerce-project\ShoppingCartFrontEnd
2016-10-24 19:30:55,018 [Worker-69] INFO  o.e.m.i.launch.MavenLaunchDelegate -  mvn -B install
2016-10-24 19:30:59,692 [Worker-60] WARN  o.e.m.c.i.embedder.EclipseLogger - Using platform encoding (Cp1252 actually) to copy filtered resources, i.e. build is platform dependent!
2016-10-24 19:30:59,693 [Worker-60] INFO  o.e.m.c.i.embedder.EclipseLogger - Copying 0 resource
2016-10-24 19:30:59,694 [Worker-60] WARN  o.e.m.c.i.embedder.EclipseLogger - Using platform encoding (Cp1252 actually) to copy filtered resources, i.e. build is platform dependent!
2016-10-24 19:30:59,695 [Worker-60] INFO  o.e.m.c.i.embedder.EclipseLogger - skip non existing resourceDirectory E:\niit\workspace\niit-ecommerce-project\ShoppingCartFrontEnd\src\test\resources
2016-10-24 19:31:22,203 [Worker-67] WARN  o.e.m.c.i.embedder.EclipseLogger - Using platform encoding (Cp1252 actually) to copy filtered resources, i.e. build is platform dependent!
2016-10-24 19:31:22,205 [Worker-67] INFO  o.e.m.c.i.embedder.EclipseLogger - Copying 0 resource
2016-10-24 19:31:22,206 [Worker-67] WARN  o.e.m.c.i.embedder.EclipseLogger - Using platform encoding (Cp1252 actually) to copy filtered resources, i.e. build is platform dependent!
2016-10-24 19:31:22,207 [Worker-67] INFO  o.e.m.c.i.embedder.EclipseLogger - skip non existing resourceDirectory E:\niit\workspace\niit-ecommerce-project\ShoppingCartFrontEnd\src\test\resources
2016-10-24 19:32:28,920 [Worker-65] WARN  o.e.m.c.i.embedder.EclipseLogger - Using platform encoding (Cp1252 actually) to copy filtered resources, i.e. build is platform dependent!
2016-10-24 19:32:28,922 [Worker-65] INFO  o.e.m.c.i.embedder.EclipseLogger - Copying 0 resource
2016-10-24 19:32:28,925 [Worker-65] WARN  o.e.m.c.i.embedder.EclipseLogger - Using platform encoding (Cp1252 actually) to copy filtered resources, i.e. build is platform dependent!
2016-10-24 19:32:28,926 [Worker-65] INFO  o.e.m.c.i.embedder.EclipseLogger - skip non existing resourceDirectory E:\niit\workspace\niit-ecommerce-project\ShoppingCartFrontEnd\src\test\resources
